<?xml version="1.0" encoding="UTF-8"?>
<!-- Generated by org.testng.reporters.JUnitReportReporter -->
<testsuite hostname="DESKTOP-7FER0C7" name="Runners.TestRunners" tests="1" failures="0" timestamp="9 Dec 2020 03:32:15 GMT" time="52.470" errors="0">
  <testcase name="runScenario" time="52.470" classname="Runners.TestRunners"/>
</testsuite> <!-- Runners.TestRunners -->
